# JRE version: OpenJDK Runtime Environment Temurin-17.0.10+7 (17.0.10+7) (build 17.0.10+7)
# Java VM: OpenJDK 64-Bit Server VM Temurin-17.0.10+7 (17.0.10+7, mixed mode, emulated-client, tiered, compressed oops, compressed class ptrs, g1 gc, windows-amd64)
GC Precious Log:
 CPUs: 8 total, 8 available
 Memory: 12223M
 Large Page Support: Disabled
 NUMA Support: Disabled
 Compressed Oops: Enabled (32-bit)
 Heap Region Size: 1M
 Heap Min Capacity: 8M
 Heap Initial Capacity: 192M
 Heap Max Capacity: 1G
 Pre-touch: Disabled
 Parallel Workers: 8
 Concurrent Workers: 2
 Concurrent Refinement Workers: 8
 Periodic GC: Disabled
Heap:
 garbage-first heap   total 96256K, used 28035K [0x00000000c0000000, 0x0000000100000000)
  region size 1024K, 1 young (1024K), 0 survivors (0K)
 Metaspace       used 58244K, committed 58624K, reserved 1114112K
  class space    used 7204K, committed 7360K, reserved 1048576K
GC Heap History (20 events):
Event: 25861.609 GC heap before
{Heap before GC invocations=2338 (full 2318):
 garbage-first heap   total 96256K, used 28035K [0x00000000c0000000, 0x0000000100000000)
  region size 1024K, 1 young (1024K), 0 survivors (0K)
 Metaspace       used 58244K, committed 58624K, reserved 1114112K
  class space    used 7204K, committed 7360K, reserved 1048576K
}
Event: 25861.661 GC heap after
{Heap after GC invocations=2339 (full 2319):
 garbage-first heap   total 96256K, used 28035K [0x00000000c0000000, 0x0000000100000000)
  region size 1024K, 0 young (0K), 0 survivors (0K)
 Metaspace       used 58244K, committed 58624K, reserved 1114112K
  class space    used 7204K, committed 7360K, reserved 1048576K
}
Event: 25871.902 GC heap before
{Heap before GC invocations=2339 (full 2319):
 garbage-first heap   total 96256K, used 28035K [0x00000000c0000000, 0x0000000100000000)
  region size 1024K, 1 young (1024K), 0 survivors (0K)
 Metaspace       used 58244K, committed 58624K, reserved 1114112K
  class space    used 7204K, committed 7360K, reserved 1048576K
}
Event: 25871.950 GC heap after
{Heap after GC invocations=2340 (full 2320):
 garbage-first heap   total 96256K, used 28035K [0x00000000c0000000, 0x0000000100000000)
  region size 1024K, 0 young (0K), 0 survivors (0K)
 Metaspace       used 58244K, committed 58624K, reserved 1114112K
  class space    used 7204K, committed 7360K, reserved 1048576K
}
Event: 25882.183 GC heap before
{Heap before GC invocations=2340 (full 2320):
 garbage-first heap   total 96256K, used 28035K [0x00000000c0000000, 0x0000000100000000)
  region size 1024K, 1 young (1024K), 0 survivors (0K)
 Metaspace       used 58244K, committed 58624K, reserved 1114112K
  class space    used 7204K, committed 7360K, reserved 1048576K
}
Event: 25882.231 GC heap after
{Heap after GC invocations=2341 (full 2321):
 garbage-first heap   total 96256K, used 28035K [0x00000000c0000000, 0x0000000100000000)
  region size 1024K, 0 young (0K), 0 survivors (0K)
 Metaspace       used 58244K, committed 58624K, reserved 1114112K
  class space    used 7204K, committed 7360K, reserved 1048576K
}
Event: 25892.470 GC heap before
{Heap before GC invocations=2341 (full 2321):
 garbage-first heap   total 96256K, used 28035K [0x00000000c0000000, 0x0000000100000000)
  region size 1024K, 1 young (1024K), 0 survivors (0K)
 Metaspace       used 58244K, committed 58624K, reserved 1114112K
  class space    used 7204K, committed 7360K, reserved 1048576K
}
Event: 25892.522 GC heap after
{Heap after GC invocations=2342 (full 2322):
 garbage-first heap   total 96256K, used 28035K [0x00000000c0000000, 0x0000000100000000)
  region size 1024K, 0 young (0K), 0 survivors (0K)
 Metaspace       used 58244K, committed 58624K, reserved 1114112K
  class space    used 7204K, committed 7360K, reserved 1048576K
}
Event: 25902.762 GC heap before
{Heap before GC invocations=2342 (full 2322):
 garbage-first heap   total 96256K, used 28035K [0x00000000c0000000, 0x0000000100000000)
  region size 1024K, 1 young (1024K), 0 survivors (0K)
 Metaspace       used 58244K, committed 58624K, reserved 1114112K
  class space    used 7204K, committed 7360K, reserved 1048576K
}
Event: 25902.817 GC heap after
{Heap after GC invocations=2343 (full 2323):
 garbage-first heap   total 96256K, used 28035K [0x00000000c0000000, 0x0000000100000000)
  region size 1024K, 0 young (0K), 0 survivors (0K)
 Metaspace       used 58244K, committed 58624K, reserved 1114112K
  class space    used 7204K, committed 7360K, reserved 1048576K
}
Event: 25913.048 GC heap before
{Heap before GC invocations=2343 (full 2323):
 garbage-first heap   total 96256K, used 28035K [0x00000000c0000000, 0x0000000100000000)
  region size 1024K, 1 young (1024K), 0 survivors (0K)
 Metaspace       used 58244K, committed 58624K, reserved 1114112K
  class space    used 7204K, committed 7360K, reserved 1048576K
}
Event: 25913.097 GC heap after
{Heap after GC invocations=2344 (full 2324):
 garbage-first heap   total 96256K, used 28035K [0x00000000c0000000, 0x0000000100000000)
  region size 1024K, 0 young (0K), 0 survivors (0K)
 Metaspace       used 58244K, committed 58624K, reserved 1114112K
  class space    used 7204K, committed 7360K, reserved 1048576K
}
Event: 25923.303 GC heap before
{Heap before GC invocations=2344 (full 2324):
 garbage-first heap   total 96256K, used 28035K [0x00000000c0000000, 0x0000000100000000)
  region size 1024K, 1 young (1024K), 0 survivors (0K)
 Metaspace       used 58244K, committed 58624K, reserved 1114112K
  class space    used 7204K, committed 7360K, reserved 1048576K
}
Event: 25923.343 GC heap after
{Heap after GC invocations=2345 (full 2325):
 garbage-first heap   total 96256K, used 28035K [0x00000000c0000000, 0x0000000100000000)
  region size 1024K, 0 young (0K), 0 survivors (0K)
 Metaspace       used 58244K, committed 58624K, reserved 1114112K
  class space    used 7204K, committed 7360K, reserved 1048576K
}
Event: 25933.559 GC heap before
{Heap before GC invocations=2345 (full 2325):
 garbage-first heap   total 96256K, used 28035K [0x00000000c0000000, 0x0000000100000000)
  region size 1024K, 1 young (1024K), 0 survivors (0K)
 Metaspace       used 58244K, committed 58624K, reserved 1114112K
  class space    used 7204K, committed 7360K, reserved 1048576K
}
Event: 25933.608 GC heap after
{Heap after GC invocations=2346 (full 2326):
 garbage-first heap   total 96256K, used 28035K [0x00000000c0000000, 0x0000000100000000)
  region size 1024K, 0 young (0K), 0 survivors (0K)
 Metaspace       used 58244K, committed 58624K, reserved 1114112K
  class space    used 7204K, committed 7360K, reserved 1048576K
}
Event: 25943.812 GC heap before
{Heap before GC invocations=2346 (full 2326):
 garbage-first heap   total 96256K, used 28035K [0x00000000c0000000, 0x0000000100000000)
  region size 1024K, 1 young (1024K), 0 survivors (0K)
 Metaspace       used 58244K, committed 58624K, reserved 1114112K
  class space    used 7204K, committed 7360K, reserved 1048576K
}
Event: 25943.851 GC heap after
{Heap after GC invocations=2347 (full 2327):
 garbage-first heap   total 96256K, used 28035K [0x00000000c0000000, 0x0000000100000000)
  region size 1024K, 0 young (0K), 0 survivors (0K)
 Metaspace       used 58244K, committed 58624K, reserved 1114112K
  class space    used 7204K, committed 7360K, reserved 1048576K
}
Event: 25954.063 GC heap before
{Heap before GC invocations=2347 (full 2327):
 garbage-first heap   total 96256K, used 28035K [0x00000000c0000000, 0x0000000100000000)
  region size 1024K, 1 young (1024K), 0 survivors (0K)
 Metaspace       used 58244K, committed 58624K, reserved 1114112K
  class space    used 7204K, committed 7360K, reserved 1048576K
}
Event: 25954.116 GC heap after
{Heap after GC invocations=2348 (full 2328):
 garbage-first heap   total 96256K, used 28035K [0x00000000c0000000, 0x0000000100000000)
  region size 1024K, 0 young (0K), 0 survivors (0K)
 Metaspace       used 58244K, committed 58624K, reserved 1114112K
  class space    used 7204K, committed 7360K, reserved 1048576K
}

